<?xml version="1.0" encoding="UTF-8"?>
<!-- Generated by org.testng.reporters.JUnitXMLReporter -->
<testsuite ignored="0" hostname="LTIN508196" failures="0" tests="3" name="Test" time="34.007" errors="0" timestamp="2024-10-28T09:37:05 IST">
  <testcase classname="testCases.TC_01_ListOfHealthInsurances" name="HealthInsListPrint" time="0.473"/>
  <testcase classname="testCases.TC_04_TestingHomeInsurance" name="retrunHomeInsurancePolicy" time="7.099"/>
  <testcase classname="testCases.TC_03_TestingCarInsuranceErrorMsg" name="checkErrMsg" time="4.596"/>
</testsuite> <!-- Test -->
