<?xml version="1.0" encoding="UTF-8"?>
<testng-results ignored="0" total="3" passed="3" failed="0" skipped="0">
  <reporter-output>
  </reporter-output>
  <suite started-at="2024-10-24T13:13:00 IST" name="Suite" finished-at="2024-10-24T13:13:59 IST" duration-ms="58366">
    <groups>
    </groups>
    <test started-at="2024-10-24T13:13:00 IST" name="Test" finished-at="2024-10-24T13:13:59 IST" duration-ms="58366">
      <class name="testCases.TC_04_TestingHomeInsurance">
        <test-method is-config="true" signature="setup(java.lang.String,java.lang.String)[pri:0, instance:testCases.TC_04_TestingHomeInsurance@2ad48653]" started-at="2024-10-24T13:13:23 IST" name="setup" finished-at="2024-10-24T13:13:28 IST" duration-ms="5293" status="PASS">
          <params>
            <param index="0">
              <value>
                <![CDATA[Windows]]>
              </value>
            </param>
            <param index="1">
              <value>
                <![CDATA[chrome]]>
              </value>
            </param>
          </params>
          <reporter-output>
          </reporter-output>
        </test-method> <!-- setup -->
        <test-method signature="retrunHomeInsurancePolicy()[pri:0, instance:testCases.TC_04_TestingHomeInsurance@2ad48653]" started-at="2024-10-24T13:13:28 IST" name="retrunHomeInsurancePolicy" finished-at="2024-10-24T13:13:44 IST" duration-ms="15235" status="PASS">
          <reporter-output>
          </reporter-output>
        </test-method> <!-- retrunHomeInsurancePolicy -->
        <test-method is-config="true" signature="tearDown()[pri:0, instance:testCases.TC_04_TestingHomeInsurance@2ad48653]" started-at="2024-10-24T13:13:44 IST" name="tearDown" finished-at="2024-10-24T13:13:47 IST" duration-ms="3126" status="PASS">
          <reporter-output>
          </reporter-output>
        </test-method> <!-- tearDown -->
      </class> <!-- testCases.TC_04_TestingHomeInsurance -->
      <class name="testCases.TC_03_TestingCarInsuranceErrorMsg">
        <test-method is-config="true" signature="setup(java.lang.String,java.lang.String)[pri:0, instance:testCases.TC_03_TestingCarInsuranceErrorMsg@6bb4dd34]" started-at="2024-10-24T13:13:47 IST" name="setup" finished-at="2024-10-24T13:13:52 IST" duration-ms="5308" status="PASS">
          <params>
            <param index="0">
              <value>
                <![CDATA[Windows]]>
              </value>
            </param>
            <param index="1">
              <value>
                <![CDATA[chrome]]>
              </value>
            </param>
          </params>
          <reporter-output>
          </reporter-output>
        </test-method> <!-- setup -->
        <test-method signature="checkErrMsg()[pri:0, instance:testCases.TC_03_TestingCarInsuranceErrorMsg@6bb4dd34]" started-at="2024-10-24T13:13:52 IST" name="checkErrMsg" finished-at="2024-10-24T13:13:57 IST" duration-ms="4778" status="PASS">
          <reporter-output>
          </reporter-output>
        </test-method> <!-- checkErrMsg -->
        <test-method is-config="true" signature="tearDown()[pri:0, instance:testCases.TC_03_TestingCarInsuranceErrorMsg@6bb4dd34]" started-at="2024-10-24T13:13:57 IST" name="tearDown" finished-at="2024-10-24T13:13:59 IST" duration-ms="2062" status="PASS">
          <reporter-output>
          </reporter-output>
        </test-method> <!-- tearDown -->
      </class> <!-- testCases.TC_03_TestingCarInsuranceErrorMsg -->
      <class name="testCases.TC_01_ListOfHealthInsurances">
        <test-method is-config="true" signature="setup(java.lang.String,java.lang.String)[pri:0, instance:testCases.TC_01_ListOfHealthInsurances@6cc4cdb9]" started-at="2024-10-24T13:13:01 IST" name="setup" finished-at="2024-10-24T13:13:19 IST" duration-ms="18023" status="PASS">
          <params>
            <param index="0">
              <value>
                <![CDATA[Windows]]>
              </value>
            </param>
            <param index="1">
              <value>
                <![CDATA[chrome]]>
              </value>
            </param>
          </params>
          <reporter-output>
          </reporter-output>
        </test-method> <!-- setup -->
        <test-method signature="HealthInsListPrint()[pri:0, instance:testCases.TC_01_ListOfHealthInsurances@6cc4cdb9]" started-at="2024-10-24T13:13:19 IST" name="HealthInsListPrint" finished-at="2024-10-24T13:13:19 IST" duration-ms="699" status="PASS">
          <reporter-output>
          </reporter-output>
        </test-method> <!-- HealthInsListPrint -->
        <test-method is-config="true" signature="tearDown()[pri:0, instance:testCases.TC_01_ListOfHealthInsurances@6cc4cdb9]" started-at="2024-10-24T13:13:19 IST" name="tearDown" finished-at="2024-10-24T13:13:23 IST" duration-ms="3582" status="PASS">
          <reporter-output>
          </reporter-output>
        </test-method> <!-- tearDown -->
      </class> <!-- testCases.TC_01_ListOfHealthInsurances -->
    </test> <!-- Test -->
  </suite> <!-- Suite -->
</testng-results>
