<?xml version="1.0" encoding="UTF-8"?>
<testng-results ignored="0" total="3" passed="3" failed="0" skipped="0">
  <reporter-output>
  </reporter-output>
  <suite started-at="2024-10-28T09:36:31 IST" name="Suite" finished-at="2024-10-28T09:37:05 IST" duration-ms="34007">
    <groups>
    </groups>
    <test started-at="2024-10-28T09:36:31 IST" name="Test" finished-at="2024-10-28T09:37:05 IST" duration-ms="34007">
      <class name="testCases.TC_04_TestingHomeInsurance">
        <test-method is-config="true" signature="setup(java.lang.String,java.lang.String)[pri:0, instance:testCases.TC_04_TestingHomeInsurance@437da279]" started-at="2024-10-28T09:36:39 IST" name="setup" finished-at="2024-10-28T09:36:44 IST" duration-ms="5062" status="PASS">
          <params>
            <param index="0">
              <value>
                <![CDATA[Windows]]>
              </value>
            </param>
            <param index="1">
              <value>
                <![CDATA[chrome]]>
              </value>
            </param>
          </params>
          <reporter-output>
          </reporter-output>
        </test-method> <!-- setup -->
        <test-method signature="retrunHomeInsurancePolicy()[pri:0, instance:testCases.TC_04_TestingHomeInsurance@437da279]" started-at="2024-10-28T09:36:44 IST" name="retrunHomeInsurancePolicy" finished-at="2024-10-28T09:36:51 IST" duration-ms="7099" status="PASS">
          <reporter-output>
          </reporter-output>
        </test-method> <!-- retrunHomeInsurancePolicy -->
        <test-method is-config="true" signature="tearDown()[pri:0, instance:testCases.TC_04_TestingHomeInsurance@437da279]" started-at="2024-10-28T09:36:51 IST" name="tearDown" finished-at="2024-10-28T09:36:53 IST" duration-ms="2283" status="PASS">
          <reporter-output>
          </reporter-output>
        </test-method> <!-- tearDown -->
      </class> <!-- testCases.TC_04_TestingHomeInsurance -->
      <class name="testCases.TC_03_TestingCarInsuranceErrorMsg">
        <test-method is-config="true" signature="setup(java.lang.String,java.lang.String)[pri:0, instance:testCases.TC_03_TestingCarInsuranceErrorMsg@23c30a20]" started-at="2024-10-28T09:36:53 IST" name="setup" finished-at="2024-10-28T09:36:58 IST" duration-ms="4656" status="PASS">
          <params>
            <param index="0">
              <value>
                <![CDATA[Windows]]>
              </value>
            </param>
            <param index="1">
              <value>
                <![CDATA[chrome]]>
              </value>
            </param>
          </params>
          <reporter-output>
          </reporter-output>
        </test-method> <!-- setup -->
        <test-method signature="checkErrMsg()[pri:0, instance:testCases.TC_03_TestingCarInsuranceErrorMsg@23c30a20]" started-at="2024-10-28T09:36:58 IST" name="checkErrMsg" finished-at="2024-10-28T09:37:03 IST" duration-ms="4596" status="PASS">
          <reporter-output>
          </reporter-output>
        </test-method> <!-- checkErrMsg -->
        <test-method is-config="true" signature="tearDown()[pri:0, instance:testCases.TC_03_TestingCarInsuranceErrorMsg@23c30a20]" started-at="2024-10-28T09:37:03 IST" name="tearDown" finished-at="2024-10-28T09:37:05 IST" duration-ms="2045" status="PASS">
          <reporter-output>
          </reporter-output>
        </test-method> <!-- tearDown -->
      </class> <!-- testCases.TC_03_TestingCarInsuranceErrorMsg -->
      <class name="testCases.TC_01_ListOfHealthInsurances">
        <test-method is-config="true" signature="setup(java.lang.String,java.lang.String)[pri:0, instance:testCases.TC_01_ListOfHealthInsurances@957e06]" started-at="2024-10-28T09:36:31 IST" name="setup" finished-at="2024-10-28T09:36:37 IST" duration-ms="5797" status="PASS">
          <params>
            <param index="0">
              <value>
                <![CDATA[Windows]]>
              </value>
            </param>
            <param index="1">
              <value>
                <![CDATA[chrome]]>
              </value>
            </param>
          </params>
          <reporter-output>
          </reporter-output>
        </test-method> <!-- setup -->
        <test-method signature="HealthInsListPrint()[pri:0, instance:testCases.TC_01_ListOfHealthInsurances@957e06]" started-at="2024-10-28T09:36:37 IST" name="HealthInsListPrint" finished-at="2024-10-28T09:36:37 IST" duration-ms="473" status="PASS">
          <reporter-output>
          </reporter-output>
        </test-method> <!-- HealthInsListPrint -->
        <test-method is-config="true" signature="tearDown()[pri:0, instance:testCases.TC_01_ListOfHealthInsurances@957e06]" started-at="2024-10-28T09:36:37 IST" name="tearDown" finished-at="2024-10-28T09:36:39 IST" duration-ms="1732" status="PASS">
          <reporter-output>
          </reporter-output>
        </test-method> <!-- tearDown -->
      </class> <!-- testCases.TC_01_ListOfHealthInsurances -->
    </test> <!-- Test -->
  </suite> <!-- Suite -->
</testng-results>
